<?xml version="1.0" encoding="UTF-8" ?>
<testsuite failures="0" time="0.826" errors="0" skipped="0" tests="47" name="com.salesforce.ide.wsdl2apex.core.WSDL2ApexTest">
  <properties>
[...]
</properties>
  <testcase time="0.173" classname="com.salesforce.ide.wsdl2apex.core.WSDL2ApexTest" name="testSimpleType"/>
  <testcase time="0.041" classname="com.salesforce.ide.wsdl2apex.core.WSDL2ApexTest" name="testAsyncFalse"/>
  <testcase time="0.004" classname="com.salesforce.ide.wsdl2apex.core.WSDL2ApexTest" name="testMissingSchemaForElement"/>
  <testcase time="0.01" classname="com.salesforce.ide.wsdl2apex.core.WSDL2ApexTest" name="testIncorrectBinding"/>
  <testcase time="0.039" classname="com.salesforce.ide.wsdl2apex.core.WSDL2ApexTest" name="testNewClassNames"/>
  <testcase time="0.003" classname="com.salesforce.ide.wsdl2apex.core.WSDL2ApexTest" name="testNumberOfMessagePartsInput"/>
  <testcase time="0.009" classname="com.salesforce.ide.wsdl2apex.core.WSDL2ApexTest" name="testMissingService"/>
  <testcase time="0.018" classname="com.salesforce.ide.wsdl2apex.core.WSDL2ApexTest" name="testNoOperation"/>
  <testcase time="0.029" classname="com.salesforce.ide.wsdl2apex.core.WSDL2ApexTest" name="testExchange"/>
  <testcase time="0.003" classname="com.salesforce.ide.wsdl2apex.core.WSDL2ApexTest" name="testRPC"/>
  <testcase time="0.003" classname="com.salesforce.ide.wsdl2apex.core.WSDL2ApexTest" name="testUnsupportedSchemaType"/>
  <testcase time="0.006" classname="com.salesforce.ide.wsdl2apex.core.WSDL2ApexTest" name="testNoBindingInPort"/>
  <testcase time="0.034" classname="com.salesforce.ide.wsdl2apex.core.WSDL2ApexTest" name="testAmazonGood"/>
  <testcase time="0.093" classname="com.salesforce.ide.wsdl2apex.core.WSDL2ApexTest" name="testBigFile"/>
  <testcase time="0.022" classname="com.salesforce.ide.wsdl2apex.core.WSDL2ApexTest" name="testSomeTypesMissing"/>
  <testcase time="0.014" classname="com.salesforce.ide.wsdl2apex.core.WSDL2ApexTest" name="testNamespaceDependencies"/>
  <testcase time="0.01" classname="com.salesforce.ide.wsdl2apex.core.WSDL2ApexTest" name="testMissingTypes"/>
  <testcase time="0.002" classname="com.salesforce.ide.wsdl2apex.core.WSDL2ApexTest" name="testTextFileAsWsdl"/>
  <testcase time="0.004" classname="com.salesforce.ide.wsdl2apex.core.WSDL2ApexTest" name="testNoMessagePartsInput"/>
  <testcase time="0.01" classname="com.salesforce.ide.wsdl2apex.core.WSDL2ApexTest" name="testPortAndTypeWithSameName"/>
  <testcase time="0.004" classname="com.salesforce.ide.wsdl2apex.core.WSDL2ApexTest" name="testUndefinedSchemaType"/>
  <testcase time="0.003" classname="com.salesforce.ide.wsdl2apex.core.WSDL2ApexTest" name="testNoMessagePartsOutput"/>
  <testcase time="0.007" classname="com.salesforce.ide.wsdl2apex.core.WSDL2ApexTest" name="testMissingBinding"/>
  <testcase time="0.018" classname="com.salesforce.ide.wsdl2apex.core.WSDL2ApexTest" name="testIncorrectXsdType"/>
  <testcase time="0.008" classname="com.salesforce.ide.wsdl2apex.core.WSDL2ApexTest" name="testDocSample"/>
  <testcase time="0.013" classname="com.salesforce.ide.wsdl2apex.core.WSDL2ApexTest" name="testTwoNamespaces"/>
  <testcase time="0.011" classname="com.salesforce.ide.wsdl2apex.core.WSDL2ApexTest" name="testMissingPort"/>
  <testcase time="0.002" classname="com.salesforce.ide.wsdl2apex.core.WSDL2ApexTest" name="testIncldues"/>
  <testcase time="0.01" classname="com.salesforce.ide.wsdl2apex.core.WSDL2ApexTest" name="testSqlMutations"/>
  <testcase time="0.003" classname="com.salesforce.ide.wsdl2apex.core.WSDL2ApexTest" name="testRpcWsdl"/>
  <testcase time="0.017" classname="com.salesforce.ide.wsdl2apex.core.WSDL2ApexTest" name="testMultiplePortType"/>
  <testcase time="0.003" classname="com.salesforce.ide.wsdl2apex.core.WSDL2ApexTest" name="testNumberOfMessagePartsOutput"/>
  <testcase time="0.023" classname="com.salesforce.ide.wsdl2apex.core.WSDL2ApexTest" name="testMultipleNamespace"/>
  <testcase time="0.007" classname="com.salesforce.ide.wsdl2apex.core.WSDL2ApexTest" name="testTestNameMangle"/>
  <testcase time="0.032" classname="com.salesforce.ide.wsdl2apex.core.WSDL2ApexTest" name="testLargeFile"/>
  <testcase time="0.002" classname="com.salesforce.ide.wsdl2apex.core.WSDL2ApexTest" name="testImport"/>
  <testcase time="0.006" classname="com.salesforce.ide.wsdl2apex.core.WSDL2ApexTest" name="testMissingPortType"/>
  <testcase time="0.003" classname="com.salesforce.ide.wsdl2apex.core.WSDL2ApexTest" name="testMultipleBinding"/>
  <testcase time="0.009" classname="com.salesforce.ide.wsdl2apex.core.WSDL2ApexTest" name="testSimple"/>
  <testcase time="0.004" classname="com.salesforce.ide.wsdl2apex.core.WSDL2ApexTest" name="testSoapAddress"/>
  <testcase time="0.016" classname="com.salesforce.ide.wsdl2apex.core.WSDL2ApexTest" name="testNoElementInPort"/>
  <testcase time="0.003" classname="com.salesforce.ide.wsdl2apex.core.WSDL2ApexTest" name="testInvalidXml"/>
  <testcase time="0.002" classname="com.salesforce.ide.wsdl2apex.core.WSDL2ApexTest" name="testNestedComplexType"/>
  <testcase time="0.01" classname="com.salesforce.ide.wsdl2apex.core.WSDL2ApexTest" name="testMissingNamespace"/>
  <testcase time="0.002" classname="com.salesforce.ide.wsdl2apex.core.WSDL2ApexTest" name="testNoNameFault"/>
  <testcase time="0.016" classname="com.salesforce.ide.wsdl2apex.core.WSDL2ApexTest" name="testIncorrectMessageName"/>
  <testcase time="0.006" classname="com.salesforce.ide.wsdl2apex.core.WSDL2ApexTest" name="testNameElement"/>
</testsuite>